<?xml version="1.0" encoding="UTF-8"?>
<!-- Generated by org.testng.reporters.JUnitXMLReporter -->
<testsuite hostname="DESKTOP-888A2JB" ignored="0" name="End to End Test" tests="2" failures="0" timestamp="2022-08-07T10:19:50 IST" time="21.868" errors="0">
  <testcase name="FacebookRegistrationPageTest" time="4.272" classname="PomWithPageFactoryPractice.RegisrationTest"/>
  <testcase name="FacbookLoginPageTest" time="0.949" classname="PomWithPageFactoryPractice.LoginTest"/>
</testsuite> <!-- End to End Test -->
