<?xml version="1.0" encoding="UTF-8"?>
<!-- Generated by org.testng.reporters.JUnitXMLReporter -->
<testsuite hostname="DESKTOP-888A2JB" ignored="6" name="Functional Test" tests="3" failures="0" timestamp="2022-08-03T09:24:30 IST" time="0.101" errors="0">
  <testcase name="Test1" time="0.008" classname="GroupsPractice.TestCase1"/>
  <testcase name="Test4" time="0.001" classname="GroupsPractice.TestCase2"/>
  <testcase name="Test7" time="0.002" classname="GroupsPractice.TestCase3"/>
  <testcase name="Test6" time="0.0" classname="GroupsPractice.TestCase2">
    <ignored/>
  </testcase> <!-- Test6 -->
  <testcase name="Test9" time="0.0" classname="GroupsPractice.TestCase3">
    <ignored/>
  </testcase> <!-- Test9 -->
  <testcase name="Test8" time="0.0" classname="GroupsPractice.TestCase3">
    <ignored/>
  </testcase> <!-- Test8 -->
  <testcase name="Test5" time="0.0" classname="GroupsPractice.TestCase2">
    <ignored/>
  </testcase> <!-- Test5 -->
  <testcase name="Test3" time="0.0" classname="GroupsPractice.TestCase1">
    <ignored/>
  </testcase> <!-- Test3 -->
  <testcase name="Test2" time="0.0" classname="GroupsPractice.TestCase1">
    <ignored/>
  </testcase> <!-- Test2 -->
</testsuite> <!-- Functional Test -->
