<?xml version="1.0" encoding="UTF-8"?>
<!-- Generated by org.testng.reporters.JUnitXMLReporter -->
<testsuite hostname="DESKTOP-888A2JB" ignored="0" name="FunctionalTest" tests="6" failures="0" timestamp="2022-08-02T09:26:55 IST" time="0.236" errors="0">
  <testcase name="m1" time="0.031" classname="TestAnotationPractice.TestCase1"/>
  <testcase name="m2" time="0.009" classname="TestAnotationPractice.TestCase1"/>
  <testcase name="m3" time="0.003" classname="TestAnotationPractice.TestCase1"/>
  <testcase name="m4" time="0.005" classname="TestAnotationPractice.TestCase2"/>
  <testcase name="m5" time="0.007" classname="TestAnotationPractice.TestCase2"/>
  <testcase name="m6" time="0.004" classname="TestAnotationPractice.TestCase2"/>
</testsuite> <!-- FunctionalTest -->
