<?xml version="1.0" encoding="UTF-8"?>
<!-- Generated by org.testng.reporters.JUnitXMLReporter -->
<testsuite hostname="DESKTOP-888A2JB" ignored="0" name="Chrome Browser Test" tests="6" failures="0" timestamp="2022-08-05T10:05:49 IST" time="7.55" errors="0">
  <testcase name="crossBrowserTesting" time="6.525" classname="CBT.AllBrowsers"/>
  <testcase name="verifyCurrentUrl" time="0.117" classname="CBT.AllBrowsers"/>
  <testcase name="verifyPageTititle" time="0.015" classname="CBT.AllBrowsers"/>
  <testcase name="verifyUsernamefield" time="0.268" classname="CBT.AllBrowsers"/>
  <testcase name="verifypasswordfield" time="0.313" classname="CBT.AllBrowsers"/>
  <testcase name="clickLoginButton" time="0.22" classname="CBT.AllBrowsers"/>
</testsuite> <!-- Chrome Browser Test -->
