<?xml version="1.0" encoding="UTF-8"?>
<!-- Generated by org.testng.reporters.JUnitXMLReporter -->
<testsuite hostname="DESKTOP-888A2JB" ignored="0" name="Firefox Browser Test" tests="6" failures="0" timestamp="2022-08-05T10:06:05 IST" time="23.34" errors="0">
  <testcase name="crossBrowserTesting" time="16.263" classname="CBT.AllBrowsers"/>
  <testcase name="verifyCurrentUrl" time="0.02" classname="CBT.AllBrowsers"/>
  <testcase name="verifyPageTititle" time="0.031" classname="CBT.AllBrowsers"/>
  <testcase name="verifyUsernamefield" time="0.942" classname="CBT.AllBrowsers"/>
  <testcase name="verifypasswordfield" time="0.212" classname="CBT.AllBrowsers"/>
  <testcase name="clickLoginButton" time="5.806" classname="CBT.AllBrowsers"/>
</testsuite> <!-- Firefox Browser Test -->
