<?xml version="1.0" encoding="UTF-8"?>
<testng-results skipped="0" failed="0" ignored="0" total="2" passed="2">
  <reporter-output>
    <line>
      <![CDATA[verifyFacebookLoginPageLogo]]>
    </line>
    <line>
      <![CDATA[verifyFacebookLoginPageTagline]]>
    </line>
    <line>
      <![CDATA[verifyFacebookLoginPageForgotPasswordLink]]>
    </line>
    <line>
      <![CDATA[verifyFacebookLoginPageCreatenewAccoutBtn]]>
    </line>
    <line>
      <![CDATA[verifyFacebookLoginPageFooterlinks]]>
    </line>
    <line>
      <![CDATA[setFacebookLoginPageUsername]]>
    </line>
    <line>
      <![CDATA[setFacebookLoginPagePassword]]>
    </line>
    <line>
      <![CDATA[clickFacebookLoginPageLoginBtn]]>
    </line>
  </reporter-output>
  <suite name=" Functional Suite" duration-ms="21868" started-at="2022-08-07T10:19:28 IST" finished-at="2022-08-07T10:19:50 IST">
    <groups>
    </groups>
    <test name="End to End Test" duration-ms="21868" started-at="2022-08-07T10:19:28 IST" finished-at="2022-08-07T10:19:50 IST">
      <class name="PomWithPageFactoryPractice.RegisrationTest">
        <test-method status="PASS" signature="setup()[pri:0, instance:PomWithPageFactoryPractice.RegisrationTest@1786dec2]" name="setup" is-config="true" duration-ms="4481" started-at="2022-08-07T10:19:28 IST" finished-at="2022-08-07T10:19:33 IST">
          <reporter-output>
          </reporter-output>
        </test-method> <!-- setup -->
        <test-method status="PASS" signature="FacebookRegistrationPageTest()[pri:0, instance:PomWithPageFactoryPractice.RegisrationTest@1786dec2]" name="FacebookRegistrationPageTest" duration-ms="4272" started-at="2022-08-07T10:19:33 IST" finished-at="2022-08-07T10:19:37 IST">
          <reporter-output>
          </reporter-output>
        </test-method> <!-- FacebookRegistrationPageTest -->
        <test-method status="PASS" signature="teardown()[pri:0, instance:PomWithPageFactoryPractice.RegisrationTest@1786dec2]" name="teardown" is-config="true" duration-ms="4382" started-at="2022-08-07T10:19:37 IST" finished-at="2022-08-07T10:19:42 IST">
          <reporter-output>
          </reporter-output>
        </test-method> <!-- teardown -->
      </class> <!-- PomWithPageFactoryPractice.RegisrationTest -->
      <class name="PomWithPageFactoryPractice.LoginTest">
        <test-method status="PASS" signature="setup()[pri:0, instance:PomWithPageFactoryPractice.LoginTest@74650e52]" name="setup" is-config="true" duration-ms="3434" started-at="2022-08-07T10:19:42 IST" finished-at="2022-08-07T10:19:45 IST">
          <reporter-output>
          </reporter-output>
        </test-method> <!-- setup -->
        <test-method status="PASS" signature="FacbookLoginPageTest()[pri:0, instance:PomWithPageFactoryPractice.LoginTest@74650e52]" name="FacbookLoginPageTest" duration-ms="949" started-at="2022-08-07T10:19:45 IST" finished-at="2022-08-07T10:19:46 IST">
          <reporter-output>
            <line>
              <![CDATA[verifyFacebookLoginPageLogo]]>
            </line>
            <line>
              <![CDATA[verifyFacebookLoginPageTagline]]>
            </line>
            <line>
              <![CDATA[verifyFacebookLoginPageForgotPasswordLink]]>
            </line>
            <line>
              <![CDATA[verifyFacebookLoginPageCreatenewAccoutBtn]]>
            </line>
            <line>
              <![CDATA[verifyFacebookLoginPageFooterlinks]]>
            </line>
            <line>
              <![CDATA[setFacebookLoginPageUsername]]>
            </line>
            <line>
              <![CDATA[setFacebookLoginPagePassword]]>
            </line>
            <line>
              <![CDATA[clickFacebookLoginPageLoginBtn]]>
            </line>
          </reporter-output>
        </test-method> <!-- FacbookLoginPageTest -->
        <test-method status="PASS" signature="teardown()[pri:0, instance:PomWithPageFactoryPractice.LoginTest@74650e52]" name="teardown" is-config="true" duration-ms="4263" started-at="2022-08-07T10:19:46 IST" finished-at="2022-08-07T10:19:50 IST">
          <reporter-output>
          </reporter-output>
        </test-method> <!-- teardown -->
      </class> <!-- PomWithPageFactoryPractice.LoginTest -->
    </test> <!-- End to End Test -->
  </suite> <!--  Functional Suite -->
</testng-results>
