<?xml version="1.0" encoding="UTF-8"?>
<!-- Generated by org.testng.reporters.JUnitXMLReporter -->
<testsuite hostname="DESKTOP-888A2JB" ignored="0" name="RegressionTest" tests="5" failures="0" timestamp="2022-08-02T09:34:19 IST" time="0.217" errors="0">
  <testcase name="m1" time="0.013" classname="TestAnotationPractice.TestCase3"/>
  <testcase name="m2" time="0.004" classname="TestAnotationPractice.TestCase3"/>
  <testcase name="m3" time="0.008" classname="TestAnotationPractice.TestCase3"/>
  <testcase name="m4" time="0.001" classname="TestAnotationPractice.TestCase4"/>
  <testcase name="m5" time="0.005" classname="TestAnotationPractice.TestCase4"/>
</testsuite> <!-- RegressionTest -->
